[INFO][2019-01-13 11:00:21,128] ironman登录认证成功！
[INFO][2019-01-13 11:00:59,067] ironman退出登录
[INFO][2019-01-13 11:02:07,323] ironman登录认证成功！
[INFO][2019-01-13 11:02:45,813] ironman充值1元,余额1元
[INFO][2019-01-13 11:02:45,831] ironman新建流水记录：存钱 +1元
[INFO][2019-01-13 11:02:50,128] ironman新建流水记录：给tianyi转账-1元
[INFO][2019-01-13 11:02:50,164] tianyi新建流水记录：ironman给您转账+1元
[INFO][2019-01-13 11:02:50,189] ironman给tianyi转账1元
[INFO][2019-01-13 11:02:52,862] ironman退出登录
[INFO][2019-01-13 11:03:25,283] ironman登录认证成功！
[INFO][2019-01-13 11:03:51,065] ironman退出登录
[INFO][2019-01-13 11:04:28,352] ironman登录认证成功！
[INFO][2019-01-13 11:04:54,107] ironman退出登录
[INFO][2019-01-13 11:05:05,609] ironman登录认证成功！
[INFO][2019-01-13 11:05:13,669] ironman退出登录
[INFO][2019-01-13 11:06:11,112] ironman登录认证成功！
[INFO][2019-01-13 11:06:31,127] ironman退出登录
[INFO][2019-01-13 11:06:42,726] ironman登录认证成功！
[INFO][2019-01-13 11:07:19,806] ironman充值100元,余额100元
[INFO][2019-01-13 11:07:19,824] ironman新建流水记录：存钱 +100元
[INFO][2019-01-13 11:07:23,847] ironman退出登录
