[INFO][2019-01-10 17:35:06,964] ironman注册成功
[INFO][2019-01-10 17:35:06,997] ironman新建流水记录：注册+0元
[INFO][2019-01-10 17:35:17,304] ironman充值1000元,余额1000元
[INFO][2019-01-10 17:35:17,324] ironman新建流水记录：存钱 +1000元
[INFO][2019-01-10 17:35:57,065] ironman购买{0: {'name': '早餐', 'price': '9', 'mount': 1}, 1: {'name': '鼠标', 'price': '99', 'mount': 1}}，消费108元
[INFO][2019-01-10 17:35:57,092] ironman新建流水记录：购买商品 - 108元
[INFO][2019-01-10 17:40:10,902] ironman退出登录
[INFO][2019-01-10 17:40:25,226] None登录认证成功！
[INFO][2019-01-10 17:40:35,386] ironman充值1000元,余额1892元
[INFO][2019-01-10 17:40:35,409] ironman新建流水记录：存钱 +1000元
[INFO][2019-01-10 17:40:45,684] ironman购买{0: {'name': '早餐', 'price': '9', 'mount': 1}, 1: {'name': '鼠标', 'price': '99', 'mount': 1}, 2: {'name': '美女', 'price': '999', 'mount': 1}}，消费1107元
[INFO][2019-01-10 17:40:45,717] ironman新建流水记录：购买商品 - 1107元
[INFO][2019-01-10 17:41:50,464] ironman退出登录
[INFO][2019-01-10 17:42:03,189] None登录认证成功！
[INFO][2019-01-10 17:43:01,173] ironman退出登录
[INFO][2019-01-10 17:43:17,630] None登录认证成功！
[INFO][2019-01-10 17:44:46,030] ironman退出登录
[INFO][2019-01-10 17:45:34,554] tianyi注册成功
[INFO][2019-01-10 17:45:34,587] tianyi新建流水记录：注册+0元
[INFO][2019-01-10 17:45:59,465] tianyi充值1107元,余额1107元
[INFO][2019-01-10 17:45:59,483] tianyi新建流水记录：存钱 +1107元
[INFO][2019-01-10 17:45:59,512] tianyi购买{0: {'name': '早餐', 'price': '9', 'mount': 1}, 1: {'name': '鼠标', 'price': '99', 'mount': 1}, 2: {'name': '美女', 'price': '999', 'mount': 1}}，消费1107元
[INFO][2019-01-10 17:45:59,532] tianyi新建流水记录：购买商品 - 1107元
[INFO][2019-01-10 17:46:40,555] tianyi充值1000元,余额1000元
[INFO][2019-01-10 17:46:40,574] tianyi新建流水记录：存钱 +1000元
[INFO][2019-01-10 17:46:47,166] tianyi新建流水记录：给ironman转账-1000元
[INFO][2019-01-10 17:46:47,189] ironman新建流水记录：tianyi给您转账+1000元
[INFO][2019-01-10 17:46:47,219] tianyi给ironman转账1000元
[INFO][2019-01-10 17:47:14,148] tianyi退出登录
[INFO][2019-01-10 17:47:22,574] tianyi登录认证成功！
[INFO][2019-01-10 17:47:46,443] ironman退出登录
[INFO][2019-01-10 17:49:56,217] None登录认证成功！
[INFO][2019-01-10 17:50:36,560] ironman退出登录
[INFO][2019-01-10 17:51:56,113] mark注册成功
[INFO][2019-01-10 17:51:56,148] mark新建流水记录：注册+0元
[INFO][2019-01-10 17:52:13,016] mark充值10000000元,余额10000000元
[INFO][2019-01-10 17:52:13,037] mark新建流水记录：存钱 +10000000元
[INFO][2019-01-10 17:52:25,092] mark购买{1: {'name': '鼠标', 'price': '99', 'mount': 1}, 2: {'name': '美女', 'price': '999', 'mount': 1}, 3: {'name': '电脑', 'price': '9999', 'mount': 1}}，消费11097元
[INFO][2019-01-10 17:52:25,123] mark新建流水记录：购买商品-11097元
[INFO][2019-01-10 17:52:51,280] mark退出登录
