[INFO][2019-01-12 14:31:04,827] test注册成功
[INFO][2019-01-12 14:31:04,861] test新建流水记录：注册+0元
[INFO][2019-01-12 14:32:05,419] test充值1109999997元,余额1109999997元
[INFO][2019-01-12 14:32:05,438] test新建流水记录：存钱 +1109999997元
[INFO][2019-01-12 14:32:05,467] test购买{6: {'name': '游艇', 'price': '9999999', 'mount': 1}, 7: {'name': '别墅', 'price': '99999999', 'mount': 1}, 8: {'name': '飞船', 'price': '999999999', 'mount': 1}}，消费1109999997元
[INFO][2019-01-12 14:32:05,487] test新建流水记录：购买商品-1109999997元
[INFO][2019-01-12 14:33:04,640] test充值100元,余额100元
[INFO][2019-01-12 14:33:04,659] test新建流水记录：存钱 +100元
[INFO][2019-01-12 14:33:29,106] test购买{0: {'name': '早餐', 'price': '9', 'mount': 1}}，消费9元
[INFO][2019-01-12 14:33:29,129] test新建流水记录：购买商品-9元
[INFO][2019-01-12 14:33:44,777] test新建流水记录：给ironman转账-1元
[INFO][2019-01-12 14:33:44,821] ironman新建流水记录：test给您转账+1元
[INFO][2019-01-12 14:33:44,852] test给ironman转账1元
[INFO][2019-01-12 14:34:10,355] test新建流水记录：给tianyi转账-10元
[INFO][2019-01-12 14:34:10,406] tianyi新建流水记录：test给您转账+10元
[INFO][2019-01-12 14:34:10,434] test给tianyi转账10元
[INFO][2019-01-12 14:34:17,195] test退出登录
[INFO][2019-01-12 14:35:37,773] None登录认证成功！
[INFO][2019-01-12 14:36:41,264] test退出登录
[INFO][2019-01-12 14:38:25,622] None登录认证成功！
[INFO][2019-01-12 14:39:25,234] test购买{}，消费0元
[INFO][2019-01-12 14:39:25,256] test新建流水记录：购买商品-0元
[INFO][2019-01-12 14:40:10,439] test退出登录
[INFO][2019-01-12 14:40:46,330] None登录认证成功！
[INFO][2019-01-12 14:42:57,848] ironman充值0元,余额2元
[INFO][2019-01-12 14:42:57,869] ironman新建流水记录：存钱 +0元
[INFO][2019-01-12 14:43:43,013] ironman退出登录
[INFO][2019-01-12 14:43:51,142] ironman登录认证成功！
[INFO][2019-01-12 14:44:16,162] test退出登录
[INFO][2019-01-12 14:44:53,828] None登录认证成功！
[INFO][2019-01-12 14:45:41,073] ironman退出登录
[INFO][2019-01-12 14:50:14,937] None登录认证成功！
[INFO][2019-01-12 14:50:33,146] ironman充值999999999元,余额1000000001元
[INFO][2019-01-12 14:50:33,166] ironman新建流水记录：存钱 +999999999元
[INFO][2019-01-12 14:50:33,195] ironman购买商品，消费999999999元, 余额2元
[INFO][2019-01-12 14:50:33,217] ironman新建流水记录：购买商品-999999999元
[INFO][2019-01-12 14:50:45,278] ironman退出登录
[INFO][2019-01-12 14:52:18,822] ironman登录认证成功！
[INFO][2019-01-12 14:52:21,231] ironman退出登录
