[2019-01-10 17:35:06,964][MainThread:3496][task_id:register][src.py:71][INFO][ironman注册成功]
[2019-01-10 17:35:06,997][MainThread:3496][task_id:billflow_tofile][commom.py:58][INFO][ironman新建流水记录：注册+0元]
[2019-01-10 17:35:17,304][MainThread:3496][task_id:deposit][src.py:116][INFO][ironman充值1000元,余额1000元]
[2019-01-10 17:35:17,324][MainThread:3496][task_id:billflow_tofile][commom.py:58][INFO][ironman新建流水记录：存钱 +1000元]
[2019-01-10 17:35:57,065][MainThread:3496][task_id:shopping][src.py:230][INFO][ironman购买{0: {'name': '早餐', 'price': '9', 'mount': 1}, 1: {'name': '鼠标', 'price': '99', 'mount': 1}}，消费108元]
[2019-01-10 17:35:57,092][MainThread:3496][task_id:billflow_tofile][commom.py:58][INFO][ironman新建流水记录：购买商品 - 108元]
[2019-01-10 17:40:10,902][MainThread:3496][task_id:loginout][src.py:324][INFO][ironman退出登录]
[2019-01-10 17:40:25,226][MainThread:3036][task_id:loginin][commom.py:53][INFO][None登录认证成功！]
[2019-01-10 17:40:35,386][MainThread:3036][task_id:deposit][src.py:115][INFO][ironman充值1000元,余额1892元]
[2019-01-10 17:40:35,409][MainThread:3036][task_id:billflow_tofile][commom.py:58][INFO][ironman新建流水记录：存钱 +1000元]
[2019-01-10 17:40:45,684][MainThread:3036][task_id:shopping][src.py:229][INFO][ironman购买{0: {'name': '早餐', 'price': '9', 'mount': 1}, 1: {'name': '鼠标', 'price': '99', 'mount': 1}, 2: {'name': '美女', 'price': '999', 'mount': 1}}，消费1107元]
[2019-01-10 17:40:45,717][MainThread:3036][task_id:billflow_tofile][commom.py:58][INFO][ironman新建流水记录：购买商品 - 1107元]
[2019-01-10 17:41:50,464][MainThread:3036][task_id:loginout][src.py:323][INFO][ironman退出登录]
[2019-01-10 17:42:03,189][MainThread:664][task_id:loginin][commom.py:53][INFO][None登录认证成功！]
[2019-01-10 17:43:01,173][MainThread:664][task_id:loginout][src.py:323][INFO][ironman退出登录]
[2019-01-10 17:43:17,630][MainThread:272][task_id:loginin][commom.py:53][INFO][None登录认证成功！]
[2019-01-10 17:44:46,030][MainThread:272][task_id:loginout][src.py:325][INFO][ironman退出登录]
[2019-01-10 17:45:34,554][MainThread:10236][task_id:register][src.py:71][INFO][tianyi注册成功]
[2019-01-10 17:45:34,587][MainThread:10236][task_id:billflow_tofile][commom.py:58][INFO][tianyi新建流水记录：注册+0元]
[2019-01-10 17:45:59,465][MainThread:10236][task_id:deposit][src.py:115][INFO][tianyi充值1107元,余额1107元]
[2019-01-10 17:45:59,483][MainThread:10236][task_id:billflow_tofile][commom.py:58][INFO][tianyi新建流水记录：存钱 +1107元]
[2019-01-10 17:45:59,512][MainThread:10236][task_id:shopping][src.py:229][INFO][tianyi购买{0: {'name': '早餐', 'price': '9', 'mount': 1}, 1: {'name': '鼠标', 'price': '99', 'mount': 1}, 2: {'name': '美女', 'price': '999', 'mount': 1}}，消费1107元]
[2019-01-10 17:45:59,532][MainThread:10236][task_id:billflow_tofile][commom.py:58][INFO][tianyi新建流水记录：购买商品 - 1107元]
[2019-01-10 17:46:40,555][MainThread:10236][task_id:deposit][src.py:115][INFO][tianyi充值1000元,余额1000元]
[2019-01-10 17:46:40,574][MainThread:10236][task_id:billflow_tofile][commom.py:58][INFO][tianyi新建流水记录：存钱 +1000元]
[2019-01-10 17:46:47,166][MainThread:10236][task_id:billflow_tofile][commom.py:58][INFO][tianyi新建流水记录：给ironman转账-1000元]
[2019-01-10 17:46:47,189][MainThread:10236][task_id:billflow_tofile][commom.py:58][INFO][ironman新建流水记录：tianyi给您转账+1000元]
[2019-01-10 17:46:47,219][MainThread:10236][task_id:transfer][src.py:151][INFO][tianyi给ironman转账1000元]
[2019-01-10 17:47:14,148][MainThread:10236][task_id:loginout][src.py:323][INFO][tianyi退出登录]
[2019-01-10 17:47:22,574][MainThread:10236][task_id:loginin][commom.py:53][INFO][tianyi登录认证成功！]
[2019-01-10 17:47:46,443][MainThread:10236][task_id:loginout][src.py:323][INFO][ironman退出登录]
[2019-01-10 17:49:56,217][MainThread:7252][task_id:loginin][commom.py:53][INFO][None登录认证成功！]
[2019-01-10 17:50:36,560][MainThread:7252][task_id:loginout][src.py:323][INFO][ironman退出登录]
[2019-01-10 17:51:56,113][MainThread:7252][task_id:register][src.py:71][INFO][mark注册成功]
[2019-01-10 17:51:56,148][MainThread:7252][task_id:billflow_tofile][commom.py:58][INFO][mark新建流水记录：注册+0元]
[2019-01-10 17:52:13,016][MainThread:7252][task_id:deposit][src.py:115][INFO][mark充值10000000元,余额10000000元]
[2019-01-10 17:52:13,037][MainThread:7252][task_id:billflow_tofile][commom.py:58][INFO][mark新建流水记录：存钱 +10000000元]
[2019-01-10 17:52:25,092][MainThread:7252][task_id:shopping][src.py:229][INFO][mark购买{1: {'name': '鼠标', 'price': '99', 'mount': 1}, 2: {'name': '美女', 'price': '999', 'mount': 1}, 3: {'name': '电脑', 'price': '9999', 'mount': 1}}，消费11097元]
[2019-01-10 17:52:25,123][MainThread:7252][task_id:billflow_tofile][commom.py:58][INFO][mark新建流水记录：购买商品-11097元]
[2019-01-10 17:52:51,280][MainThread:7252][task_id:loginout][src.py:323][INFO][mark退出登录]
