[2019-01-13 11:00:21,128][MainThread:5032][task_id:loginin][commom.py:53][INFO][ironman登录认证成功！]
[2019-01-13 11:00:59,067][MainThread:5032][task_id:loginout][src.py:331][INFO][ironman退出登录]
[2019-01-13 11:02:07,323][MainThread:164][task_id:loginin][commom.py:53][INFO][ironman登录认证成功！]
[2019-01-13 11:02:45,813][MainThread:164][task_id:deposit][src.py:121][INFO][ironman充值1元,余额1元]
[2019-01-13 11:02:45,831][MainThread:164][task_id:billflow_tofile][commom.py:58][INFO][ironman新建流水记录：存钱 +1元]
[2019-01-13 11:02:50,128][MainThread:164][task_id:billflow_tofile][commom.py:58][INFO][ironman新建流水记录：给tianyi转账-1元]
[2019-01-13 11:02:50,164][MainThread:164][task_id:billflow_tofile][commom.py:58][INFO][tianyi新建流水记录：ironman给您转账+1元]
[2019-01-13 11:02:50,189][MainThread:164][task_id:transfer][src.py:159][INFO][ironman给tianyi转账1元]
[2019-01-13 11:02:52,862][MainThread:164][task_id:loginout][src.py:331][INFO][ironman退出登录]
[2019-01-13 11:03:25,283][MainThread:5152][task_id:loginin][commom.py:53][INFO][ironman登录认证成功！]
[2019-01-13 11:03:51,065][MainThread:5152][task_id:loginout][src.py:331][INFO][ironman退出登录]
[2019-01-13 11:04:28,352][MainThread:7600][task_id:loginin][commom.py:53][INFO][ironman登录认证成功！]
[2019-01-13 11:04:54,107][MainThread:7600][task_id:loginout][src.py:331][INFO][ironman退出登录]
[2019-01-13 11:05:05,609][MainThread:7276][task_id:loginin][commom.py:53][INFO][ironman登录认证成功！]
[2019-01-13 11:05:13,669][MainThread:7276][task_id:loginout][src.py:331][INFO][ironman退出登录]
[2019-01-13 11:06:11,112][MainThread:12336][task_id:loginin][commom.py:53][INFO][ironman登录认证成功！]
[2019-01-13 11:06:31,127][MainThread:12336][task_id:loginout][src.py:331][INFO][ironman退出登录]
[2019-01-13 11:06:42,726][MainThread:8424][task_id:loginin][commom.py:53][INFO][ironman登录认证成功！]
[2019-01-13 11:07:19,806][MainThread:8424][task_id:deposit][src.py:121][INFO][ironman充值100元,余额100元]
[2019-01-13 11:07:19,824][MainThread:8424][task_id:billflow_tofile][commom.py:58][INFO][ironman新建流水记录：存钱 +100元]
[2019-01-13 11:07:23,847][MainThread:8424][task_id:loginout][src.py:331][INFO][ironman退出登录]
