[2019-01-13 10:45:23,280][MainThread:12068][task_id:loginin][commom.py:53][INFO][ironman登录认证成功！]
[2019-01-13 10:45:49,712][MainThread:12068][task_id:loginout][src.py:331][INFO][ironman退出登录]
[2019-01-13 10:47:10,071][MainThread:5700][task_id:loginin][commom.py:53][INFO][ironman登录认证成功！]
[2019-01-13 10:47:48,258][MainThread:5700][task_id:loginout][src.py:331][INFO][ironman退出登录]
[2019-01-13 10:48:16,042][MainThread:12572][task_id:loginin][commom.py:53][INFO][ironman登录认证成功！]
[2019-01-13 10:49:19,733][MainThread:12572][task_id:deposit][src.py:121][INFO][ironman充值7元,余额9元]
[2019-01-13 10:49:19,756][MainThread:12572][task_id:billflow_tofile][commom.py:58][INFO][ironman新建流水记录：存钱 +7元]
[2019-01-13 10:49:19,813][MainThread:12572][task_id:shopping][src.py:237][INFO][ironman购买商品，消费9元, 余额0元]
[2019-01-13 10:49:19,841][MainThread:12572][task_id:billflow_tofile][commom.py:58][INFO][ironman新建流水记录：购买商品-9元]
[2019-01-13 10:49:27,453][MainThread:12572][task_id:loginout][src.py:331][INFO][ironman退出登录]
[2019-01-13 10:49:41,959][MainThread:10612][task_id:loginin][commom.py:53][INFO][ironman登录认证成功！]
[2019-01-13 10:49:54,217][MainThread:10612][task_id:loginout][src.py:331][INFO][ironman退出登录]
[2019-01-13 10:51:53,338][MainThread:11496][task_id:loginin][commom.py:53][INFO][ironman登录认证成功！]
[2019-01-13 10:52:20,829][MainThread:11496][task_id:loginout][src.py:331][INFO][ironman退出登录]
[2019-01-13 10:52:38,812][MainThread:3440][task_id:loginin][commom.py:53][INFO][ironman登录认证成功！]
[2019-01-13 10:53:26,348][MainThread:3440][task_id:loginout][src.py:331][INFO][ironman退出登录]
[2019-01-13 10:54:35,509][MainThread:5668][task_id:loginin][commom.py:53][INFO][ironman登录认证成功！]
[2019-01-13 10:54:57,690][MainThread:5668][task_id:loginout][src.py:331][INFO][ironman退出登录]
[2019-01-13 10:57:24,811][MainThread:10444][task_id:loginin][commom.py:53][INFO][ironman登录认证成功！]
[2019-01-13 10:58:00,017][MainThread:10444][task_id:loginout][src.py:331][INFO][ironman退出登录]
[2019-01-13 10:58:36,206][MainThread:1080][task_id:loginin][commom.py:53][INFO][ironman登录认证成功！]
[2019-01-13 10:59:04,733][MainThread:1080][task_id:loginout][src.py:331][INFO][ironman退出登录]
