[2019-01-12 14:31:04,827][MainThread:2440][task_id:register][src.py:77][INFO][test注册成功]
[2019-01-12 14:31:04,861][MainThread:2440][task_id:billflow_tofile][commom.py:58][INFO][test新建流水记录：注册+0元]
[2019-01-12 14:32:05,419][MainThread:2440][task_id:deposit][src.py:121][INFO][test充值1109999997元,余额1109999997元]
[2019-01-12 14:32:05,438][MainThread:2440][task_id:billflow_tofile][commom.py:58][INFO][test新建流水记录：存钱 +1109999997元]
[2019-01-12 14:32:05,467][MainThread:2440][task_id:shopping][src.py:235][INFO][test购买{6: {'name': '游艇', 'price': '9999999', 'mount': 1}, 7: {'name': '别墅', 'price': '99999999', 'mount': 1}, 8: {'name': '飞船', 'price': '999999999', 'mount': 1}}，消费1109999997元]
[2019-01-12 14:32:05,487][MainThread:2440][task_id:billflow_tofile][commom.py:58][INFO][test新建流水记录：购买商品-1109999997元]
[2019-01-12 14:33:04,640][MainThread:2440][task_id:deposit][src.py:121][INFO][test充值100元,余额100元]
[2019-01-12 14:33:04,659][MainThread:2440][task_id:billflow_tofile][commom.py:58][INFO][test新建流水记录：存钱 +100元]
[2019-01-12 14:33:29,106][MainThread:2440][task_id:shopping][src.py:235][INFO][test购买{0: {'name': '早餐', 'price': '9', 'mount': 1}}，消费9元]
[2019-01-12 14:33:29,129][MainThread:2440][task_id:billflow_tofile][commom.py:58][INFO][test新建流水记录：购买商品-9元]
[2019-01-12 14:33:44,777][MainThread:2440][task_id:billflow_tofile][commom.py:58][INFO][test新建流水记录：给ironman转账-1元]
[2019-01-12 14:33:44,821][MainThread:2440][task_id:billflow_tofile][commom.py:58][INFO][ironman新建流水记录：test给您转账+1元]
[2019-01-12 14:33:44,852][MainThread:2440][task_id:transfer][src.py:157][INFO][test给ironman转账1元]
[2019-01-12 14:34:10,355][MainThread:2440][task_id:billflow_tofile][commom.py:58][INFO][test新建流水记录：给tianyi转账-10元]
[2019-01-12 14:34:10,406][MainThread:2440][task_id:billflow_tofile][commom.py:58][INFO][tianyi新建流水记录：test给您转账+10元]
[2019-01-12 14:34:10,434][MainThread:2440][task_id:transfer][src.py:157][INFO][test给tianyi转账10元]
[2019-01-12 14:34:17,195][MainThread:2440][task_id:loginout][src.py:329][INFO][test退出登录]
[2019-01-12 14:35:37,773][MainThread:10192][task_id:loginin][commom.py:53][INFO][None登录认证成功！]
[2019-01-12 14:36:41,264][MainThread:10192][task_id:loginout][src.py:329][INFO][test退出登录]
[2019-01-12 14:38:25,622][MainThread:10348][task_id:loginin][commom.py:53][INFO][None登录认证成功！]
[2019-01-12 14:39:25,234][MainThread:10348][task_id:shopping][src.py:235][INFO][test购买{}，消费0元]
[2019-01-12 14:39:25,256][MainThread:10348][task_id:billflow_tofile][commom.py:58][INFO][test新建流水记录：购买商品-0元]
[2019-01-12 14:40:10,439][MainThread:10348][task_id:loginout][src.py:329][INFO][test退出登录]
[2019-01-12 14:40:46,330][MainThread:12140][task_id:loginin][commom.py:53][INFO][None登录认证成功！]
[2019-01-12 14:42:57,848][MainThread:12140][task_id:deposit][src.py:121][INFO][ironman充值0元,余额2元]
[2019-01-12 14:42:57,869][MainThread:12140][task_id:billflow_tofile][commom.py:58][INFO][ironman新建流水记录：存钱 +0元]
[2019-01-12 14:43:43,013][MainThread:12140][task_id:loginout][src.py:331][INFO][ironman退出登录]
[2019-01-12 14:43:51,142][MainThread:12140][task_id:loginin][commom.py:53][INFO][ironman登录认证成功！]
[2019-01-12 14:44:16,162][MainThread:12140][task_id:loginout][src.py:331][INFO][test退出登录]
[2019-01-12 14:44:53,828][MainThread:11632][task_id:loginin][commom.py:53][INFO][None登录认证成功！]
[2019-01-12 14:45:41,073][MainThread:11632][task_id:loginout][src.py:331][INFO][ironman退出登录]
[2019-01-12 14:50:14,937][MainThread:6896][task_id:loginin][commom.py:53][INFO][None登录认证成功！]
[2019-01-12 14:50:33,146][MainThread:6896][task_id:deposit][src.py:121][INFO][ironman充值999999999元,余额1000000001元]
[2019-01-12 14:50:33,166][MainThread:6896][task_id:billflow_tofile][commom.py:58][INFO][ironman新建流水记录：存钱 +999999999元]
[2019-01-12 14:50:33,195][MainThread:6896][task_id:shopping][src.py:237][INFO][ironman购买商品，消费999999999元, 余额2元]
[2019-01-12 14:50:33,217][MainThread:6896][task_id:billflow_tofile][commom.py:58][INFO][ironman新建流水记录：购买商品-999999999元]
[2019-01-12 14:50:45,278][MainThread:6896][task_id:loginout][src.py:331][INFO][ironman退出登录]
[2019-01-12 14:52:18,822][MainThread:11608][task_id:loginin][commom.py:53][INFO][ironman登录认证成功！]
[2019-01-12 14:52:21,231][MainThread:11608][task_id:loginout][src.py:331][INFO][ironman退出登录]
